  scene.cpp
C:\Users\marta\Downloads\1.Universidade\PSJ\Labs\1\Try\MyRayTracer\maths.h(69,23): warning C4244: 'return': conversion from 'double' to 'float', possible loss of data
C:\Users\marta\Downloads\1.Universidade\PSJ\Labs\1\Try\MyRayTracer\color.h(42,14): warning C4244: 'argument': conversion from 'double' to 'float', possible loss of data
C:\Users\marta\Downloads\1.Universidade\PSJ\Labs\1\Try\MyRayTracer\color.h(41,14): warning C4244: 'argument': conversion from 'double' to 'float', possible loss of data
C:\Users\marta\Downloads\1.Universidade\PSJ\Labs\1\Try\MyRayTracer\color.h(40,28): warning C4244: 'argument': conversion from 'double' to 'float', possible loss of data
C:\Users\marta\Downloads\1.Universidade\PSJ\Labs\1\Try\MyRayTracer\scene.cpp(182,23): warning C4267: 'return': conversion from 'size_t' to 'int', possible loss of data
C:\Users\marta\Downloads\1.Universidade\PSJ\Labs\1\Try\MyRayTracer\scene.cpp(202,22): warning C4267: 'return': conversion from 'size_t' to 'int', possible loss of data
C:\Users\marta\Downloads\1.Universidade\PSJ\Labs\1\Try\MyRayTracer\scene.cpp(330,23): warning C4244: '=': conversion from 'double' to 'float', possible loss of data
C:\Users\marta\Downloads\1.Universidade\PSJ\Labs\1\Try\MyRayTracer\scene.cpp(331,23): warning C4244: '=': conversion from 'double' to 'float', possible loss of data
C:\Users\marta\Downloads\1.Universidade\PSJ\Labs\1\Try\MyRayTracer\scene.cpp(270,8): warning C4101: 't_intersec': unreferenced local variable
C:\Users\marta\Downloads\1.Universidade\PSJ\Labs\1\Try\MyRayTracer\scene.cpp(396,56): warning C4244: 'argument': conversion from 'double' to 'float', possible loss of data
C:\Users\marta\Downloads\1.Universidade\PSJ\Labs\1\Try\MyRayTracer\scene.cpp(396,53): warning C4244: 'argument': conversion from 'double' to 'float', possible loss of data
C:\Users\marta\Downloads\1.Universidade\PSJ\Labs\1\Try\MyRayTracer\scene.cpp(396,46): warning C4244: 'argument': conversion from 'double' to 'float', possible loss of data
C:\Users\marta\Downloads\1.Universidade\PSJ\Labs\1\Try\MyRayTracer\scene.cpp(396,42): warning C4244: 'argument': conversion from 'double' to 'float', possible loss of data
C:\Users\marta\Downloads\1.Universidade\PSJ\Labs\1\Try\MyRayTracer\scene.cpp(396,34): warning C4244: 'argument': conversion from 'double' to 'float', possible loss of data
C:\Users\marta\Downloads\1.Universidade\PSJ\Labs\1\Try\MyRayTracer\scene.cpp(450,23): warning C4018: '<': signed/unsigned mismatch
C:\Users\marta\Downloads\1.Universidade\PSJ\Labs\1\Try\MyRayTracer\scene.cpp(454,23): warning C4018: '<': signed/unsigned mismatch
C:\Users\marta\Downloads\1.Universidade\PSJ\Labs\1\Try\MyRayTracer\scene.cpp(527,56): warning C4244: 'argument': conversion from 'double' to 'float', possible loss of data
C:\Users\marta\Downloads\1.Universidade\PSJ\Labs\1\Try\MyRayTracer\scene.cpp(568,40): warning C4244: 'argument': conversion from 'time_t' to 'const int', possible loss of data
C:\Users\marta\Downloads\1.Universidade\PSJ\Labs\1\Try\MyRayTracer\scene.cpp(572,46): warning C4305: 'argument': truncation from 'double' to 'float'
C:\Users\marta\Downloads\1.Universidade\PSJ\Labs\1\Try\MyRayTracer\scene.cpp(578,59): warning C4305: 'argument': truncation from 'double' to 'float'
C:\Users\marta\Downloads\1.Universidade\PSJ\Labs\1\Try\MyRayTracer\scene.cpp(578,145): warning C4305: 'argument': truncation from 'double' to 'float'
C:\Users\marta\Downloads\1.Universidade\PSJ\Labs\1\Try\MyRayTracer\scene.cpp(597,59): warning C4244: 'argument': conversion from 'double' to 'float', possible loss of data
C:\Users\marta\Downloads\1.Universidade\PSJ\Labs\1\Try\MyRayTracer\scene.cpp(597,80): warning C4305: 'argument': truncation from 'double' to 'float'
C:\Users\marta\Downloads\1.Universidade\PSJ\Labs\1\Try\MyRayTracer\scene.cpp(597,29): warning C4244: 'argument': conversion from 'double' to 'float', possible loss of data
C:\Users\marta\Downloads\1.Universidade\PSJ\Labs\1\Try\MyRayTracer\scene.cpp(599,7): warning C4305: 'argument': truncation from 'double' to 'float'
C:\Users\marta\Downloads\1.Universidade\PSJ\Labs\1\Try\MyRayTracer\scene.cpp(601,77): warning C4244: 'argument': conversion from 'double' to 'float', possible loss of data
C:\Users\marta\Downloads\1.Universidade\PSJ\Labs\1\Try\MyRayTracer\scene.cpp(601,62): warning C4244: 'argument': conversion from 'double' to 'float', possible loss of data
C:\Users\marta\Downloads\1.Universidade\PSJ\Labs\1\Try\MyRayTracer\scene.cpp(601,47): warning C4244: 'argument': conversion from 'double' to 'float', possible loss of data
C:\Users\marta\Downloads\1.Universidade\PSJ\Labs\1\Try\MyRayTracer\scene.cpp(602,38): warning C4305: 'argument': truncation from 'double' to 'float'
C:\Users\marta\Downloads\1.Universidade\PSJ\Labs\1\Try\MyRayTracer\scene.cpp(607,116): warning C4244: 'argument': conversion from 'double' to 'float', possible loss of data
C:\Users\marta\Downloads\1.Universidade\PSJ\Labs\1\Try\MyRayTracer\scene.cpp(607,95): warning C4244: 'argument': conversion from 'double' to 'float', possible loss of data
C:\Users\marta\Downloads\1.Universidade\PSJ\Labs\1\Try\MyRayTracer\scene.cpp(607,74): warning C4244: 'argument': conversion from 'double' to 'float', possible loss of data
C:\Users\marta\Downloads\1.Universidade\PSJ\Labs\1\Try\MyRayTracer\scene.cpp(608,38): warning C4305: 'argument': truncation from 'double' to 'float'
C:\Users\marta\Downloads\1.Universidade\PSJ\Labs\1\Try\MyRayTracer\scene.cpp(613,95): warning C4305: 'argument': truncation from 'double' to 'float'
C:\Users\marta\Downloads\1.Universidade\PSJ\Labs\1\Try\MyRayTracer\scene.cpp(614,38): warning C4305: 'argument': truncation from 'double' to 'float'
C:\Users\marta\Downloads\1.Universidade\PSJ\Labs\1\Try\MyRayTracer\scene.cpp(623,91): warning C4305: 'argument': truncation from 'double' to 'float'
C:\Users\marta\Downloads\1.Universidade\PSJ\Labs\1\Try\MyRayTracer\scene.cpp(628,45): warning C4305: 'argument': truncation from 'double' to 'float'
C:\Users\marta\Downloads\1.Universidade\PSJ\Labs\1\Try\MyRayTracer\scene.cpp(628,91): warning C4305: 'argument': truncation from 'double' to 'float'
C:\Users\marta\Downloads\1.Universidade\PSJ\Labs\1\Try\MyRayTracer\scene.cpp(633,45): warning C4305: 'argument': truncation from 'double' to 'float'
C:\Users\marta\Downloads\1.Universidade\PSJ\Labs\1\Try\MyRayTracer\scene.cpp(633,72): warning C4305: 'argument': truncation from 'double' to 'float'
  vector.cpp
C:\Users\marta\Downloads\1.Universidade\PSJ\Labs\1\Try\MyRayTracer\vector.cpp(64,15): warning C4244: 'initializing': conversion from 'double' to 'float', possible loss of data
  Generating Code...
  MyRayTracer.vcxproj -> C:\Users\marta\Downloads\1.Universidade\PSJ\Labs\1\Try\x64\Debug\MyRayTracer.exe
  C:\Users\marta\Downloads\1.Universidade\PSJ\Labs\1\Try\MyRayTracer\Dependencies\lib\x64\DevIL.dll
  C:\Users\marta\Downloads\1.Universidade\PSJ\Labs\1\Try\MyRayTracer\Dependencies\lib\x64\freeglut.dll
  C:\Users\marta\Downloads\1.Universidade\PSJ\Labs\1\Try\MyRayTracer\Dependencies\lib\x64\glew32.dll
  C:\Users\marta\Downloads\1.Universidade\PSJ\Labs\1\Try\MyRayTracer\Dependencies\lib\x64\ILU.dll
  C:\Users\marta\Downloads\1.Universidade\PSJ\Labs\1\Try\MyRayTracer\Dependencies\lib\x64\ILUT.dll
  5 File(s) copied
